2022-05-19 18:05:645 INFO  ManageDriver :32 - Launching Chrome Browser
2022-05-19 18:05:695 INFO  StartPage :24 - Clicking on startNowButton [[ChromeDriver: chrome on WINDOWS (07e3f6f7ab6a3e41d25a8fff5c5bf80b)] -> xpath: //a[@class='gem-c-button govuk-button govuk-button--start']]
2022-05-19 18:05:883 INFO  SelectNationalityPage :28 - Selecting nationality Australia from dropdown [[ChromeDriver: chrome on WINDOWS (07e3f6f7ab6a3e41d25a8fff5c5bf80b)] -> xpath: //select[@id='response']]
2022-05-19 18:05:563 INFO  SelectNationalityPage :32 - Clicking on nextStepButton [[ChromeDriver: chrome on WINDOWS (07e3f6f7ab6a3e41d25a8fff5c5bf80b)] -> xpath: //button[contains(text(),'Continue')]]
2022-05-19 18:05:752 INFO  SelectNationalityPage :32 - Clicking on nextStepButton [[ChromeDriver: chrome on WINDOWS (07e3f6f7ab6a3e41d25a8fff5c5bf80b)] -> xpath: //button[contains(text(),'Continue')]]
2022-05-19 18:05:774 INFO  ResultPage :24 - Clicking on resultMessage Proxy element for: DefaultElementLocator 'By.xpath: //div[@id='result-info']//div[2]/h2'
2022-05-19 18:05:937 INFO  ManageDriver :32 - Launching Chrome Browser
2022-05-19 18:05:333 INFO  StartPage :24 - Clicking on startNowButton [[ChromeDriver: chrome on WINDOWS (51e584e4b3a37d6176cc47cdb6e05c1f)] -> xpath: //a[@class='gem-c-button govuk-button govuk-button--start']]
2022-05-19 18:05:398 INFO  SelectNationalityPage :28 - Selecting nationality Australia from dropdown [[ChromeDriver: chrome on WINDOWS (51e584e4b3a37d6176cc47cdb6e05c1f)] -> xpath: //select[@id='response']]
2022-05-19 18:05:269 INFO  SelectNationalityPage :32 - Clicking on nextStepButton [[ChromeDriver: chrome on WINDOWS (51e584e4b3a37d6176cc47cdb6e05c1f)] -> xpath: //button[contains(text(),'Continue')]]
2022-05-19 18:05:395 INFO  SelectNationalityPage :32 - Clicking on nextStepButton [[ChromeDriver: chrome on WINDOWS (51e584e4b3a37d6176cc47cdb6e05c1f)] -> xpath: //button[contains(text(),'Continue')]]
2022-05-19 18:05:425 INFO  ResultPage :24 - Clicking on resultMessage [[ChromeDriver: chrome on WINDOWS (51e584e4b3a37d6176cc47cdb6e05c1f)] -> xpath: //div[@id='result-info']//div[2]/h2]
2022-05-19 18:05:452 INFO  ManageDriver :32 - Launching Chrome Browser
2022-05-19 18:05:946 INFO  StartPage :24 - Clicking on startNowButton [[ChromeDriver: chrome on WINDOWS (6aa4ee8c290c1bcf644483291d6b722e)] -> xpath: //a[@class='gem-c-button govuk-button govuk-button--start']]
2022-05-19 18:05:27 INFO  SelectNationalityPage :28 - Selecting nationality Chile from dropdown [[ChromeDriver: chrome on WINDOWS (6aa4ee8c290c1bcf644483291d6b722e)] -> xpath: //select[@id='response']]
2022-05-19 18:05:997 INFO  SelectNationalityPage :32 - Clicking on nextStepButton [[ChromeDriver: chrome on WINDOWS (6aa4ee8c290c1bcf644483291d6b722e)] -> xpath: //button[contains(text(),'Continue')]]
2022-05-19 18:05:478 INFO  SelectNationalityPage :32 - Clicking on nextStepButton [[ChromeDriver: chrome on WINDOWS (6aa4ee8c290c1bcf644483291d6b722e)] -> xpath: //button[contains(text(),'Continue')]]
2022-05-19 18:05:544 INFO  DurationOfStayPage :44 - Selecting option longer than 6 months from dropdown [[ChromeDriver: chrome on WINDOWS (6aa4ee8c290c1bcf644483291d6b722e)] -> xpath: //input[@id='response-1']]
2022-05-19 18:05:778 INFO  SelectNationalityPage :32 - Clicking on nextStepButton [[ChromeDriver: chrome on WINDOWS (6aa4ee8c290c1bcf644483291d6b722e)] -> xpath: //button[contains(text(),'Continue')]]
2022-05-19 18:05:662 INFO  WorkTypePage :65 - Selecting job Health and care professional from dropdown [[ChromeDriver: chrome on WINDOWS (6aa4ee8c290c1bcf644483291d6b722e)] -> xpath: //input[@id='response-0']]
2022-05-19 18:05:03 INFO  SelectNationalityPage :32 - Clicking on nextStepButton [[ChromeDriver: chrome on WINDOWS (6aa4ee8c290c1bcf644483291d6b722e)] -> xpath: //button[contains(text(),'Continue')]]
2022-05-19 18:05:21 INFO  ResultPage :24 - Clicking on resultMessage [[ChromeDriver: chrome on WINDOWS (6aa4ee8c290c1bcf644483291d6b722e)] -> xpath: //div[@id='result-info']//div[2]/h2]
2022-05-19 18:05:861 INFO  ManageDriver :32 - Launching Chrome Browser
2022-05-19 18:05:241 INFO  StartPage :24 - Clicking on startNowButton [[ChromeDriver: chrome on WINDOWS (2d03e76ac13e87fae532003c4f3f5620)] -> xpath: //a[@class='gem-c-button govuk-button govuk-button--start']]
2022-05-19 18:05:304 INFO  SelectNationalityPage :28 - Selecting nationality Chile from dropdown [[ChromeDriver: chrome on WINDOWS (2d03e76ac13e87fae532003c4f3f5620)] -> xpath: //select[@id='response']]
2022-05-19 18:05:105 INFO  SelectNationalityPage :32 - Clicking on nextStepButton [[ChromeDriver: chrome on WINDOWS (2d03e76ac13e87fae532003c4f3f5620)] -> xpath: //button[contains(text(),'Continue')]]
2022-05-19 18:05:550 INFO  SelectNationalityPage :32 - Clicking on nextStepButton [[ChromeDriver: chrome on WINDOWS (2d03e76ac13e87fae532003c4f3f5620)] -> xpath: //button[contains(text(),'Continue')]]
2022-05-19 18:05:626 INFO  DurationOfStayPage :44 - Selecting option longer than 6 months from dropdown [[ChromeDriver: chrome on WINDOWS (2d03e76ac13e87fae532003c4f3f5620)] -> xpath: //input[@id='response-1']]
2022-05-19 18:05:847 INFO  SelectNationalityPage :32 - Clicking on nextStepButton [[ChromeDriver: chrome on WINDOWS (2d03e76ac13e87fae532003c4f3f5620)] -> xpath: //button[contains(text(),'Continue')]]
2022-05-19 18:05:728 INFO  WorkTypePage :65 - Selecting job Health and care professional from dropdown [[ChromeDriver: chrome on WINDOWS (2d03e76ac13e87fae532003c4f3f5620)] -> xpath: //input[@id='response-0']]
2022-05-19 18:05:75 INFO  SelectNationalityPage :32 - Clicking on nextStepButton [[ChromeDriver: chrome on WINDOWS (2d03e76ac13e87fae532003c4f3f5620)] -> xpath: //button[contains(text(),'Continue')]]
2022-05-19 18:05:92 INFO  ResultPage :24 - Clicking on resultMessage [[ChromeDriver: chrome on WINDOWS (2d03e76ac13e87fae532003c4f3f5620)] -> xpath: //div[@id='result-info']//div[2]/h2]
2022-05-19 18:05:276 INFO  ManageDriver :32 - Launching Chrome Browser
2022-05-19 18:05:814 INFO  StartPage :24 - Clicking on startNowButton [[ChromeDriver: chrome on WINDOWS (7f5bd19bb2a70f12600db58be579b2b4)] -> xpath: //a[@class='gem-c-button govuk-button govuk-button--start']]
2022-05-19 18:05:898 INFO  SelectNationalityPage :28 - Selecting nationality Chile from dropdown [[ChromeDriver: chrome on WINDOWS (7f5bd19bb2a70f12600db58be579b2b4)] -> xpath: //select[@id='response']]
2022-05-19 18:05:763 INFO  SelectNationalityPage :32 - Clicking on nextStepButton [[ChromeDriver: chrome on WINDOWS (7f5bd19bb2a70f12600db58be579b2b4)] -> xpath: //button[contains(text(),'Continue')]]
2022-05-19 18:05:121 INFO  SelectNationalityPage :32 - Clicking on nextStepButton [[ChromeDriver: chrome on WINDOWS (7f5bd19bb2a70f12600db58be579b2b4)] -> xpath: //button[contains(text(),'Continue')]]
2022-05-19 18:05:177 INFO  DurationOfStayPage :44 - Selecting option longer than 6 months from dropdown [[ChromeDriver: chrome on WINDOWS (7f5bd19bb2a70f12600db58be579b2b4)] -> xpath: //input[@id='response-1']]
2022-05-19 18:05:276 INFO  SelectNationalityPage :32 - Clicking on nextStepButton [[ChromeDriver: chrome on WINDOWS (7f5bd19bb2a70f12600db58be579b2b4)] -> xpath: //button[contains(text(),'Continue')]]
2022-05-19 18:05:340 INFO  WorkTypePage :65 - Selecting job Health and care professional from dropdown [[ChromeDriver: chrome on WINDOWS (7f5bd19bb2a70f12600db58be579b2b4)] -> xpath: //input[@id='response-0']]
2022-05-19 18:05:548 INFO  SelectNationalityPage :32 - Clicking on nextStepButton [[ChromeDriver: chrome on WINDOWS (7f5bd19bb2a70f12600db58be579b2b4)] -> xpath: //button[contains(text(),'Continue')]]
2022-05-19 18:05:565 INFO  ResultPage :24 - Clicking on resultMessage [[ChromeDriver: chrome on WINDOWS (7f5bd19bb2a70f12600db58be579b2b4)] -> xpath: //div[@id='result-info']//div[2]/h2]
2022-05-19 18:05:470 INFO  ManageDriver :32 - Launching Chrome Browser
2022-05-19 18:05:05 INFO  StartPage :24 - Clicking on startNowButton [[ChromeDriver: chrome on WINDOWS (244b5c5a8c5791885116abf8d08fa0c5)] -> xpath: //a[@class='gem-c-button govuk-button govuk-button--start']]
2022-05-19 18:05:99 INFO  SelectNationalityPage :28 - Selecting nationality Australia from dropdown [[ChromeDriver: chrome on WINDOWS (244b5c5a8c5791885116abf8d08fa0c5)] -> xpath: //select[@id='response']]
2022-05-19 18:05:590 INFO  SelectNationalityPage :32 - Clicking on nextStepButton [[ChromeDriver: chrome on WINDOWS (244b5c5a8c5791885116abf8d08fa0c5)] -> xpath: //button[contains(text(),'Continue')]]
2022-05-19 18:05:522 INFO  SelectNationalityPage :32 - Clicking on nextStepButton [[ChromeDriver: chrome on WINDOWS (244b5c5a8c5791885116abf8d08fa0c5)] -> xpath: //button[contains(text(),'Continue')]]
2022-05-19 18:05:545 INFO  ResultPage :24 - Clicking on resultMessage [[ChromeDriver: chrome on WINDOWS (244b5c5a8c5791885116abf8d08fa0c5)] -> xpath: //div[@id='result-info']//div[2]/h2]
2022-05-19 18:05:366 INFO  ManageDriver :32 - Launching Chrome Browser
2022-05-19 18:05:958 INFO  StartPage :24 - Clicking on startNowButton [[ChromeDriver: chrome on WINDOWS (24dfbdebba125930d61a50beee3eb117)] -> xpath: //a[@class='gem-c-button govuk-button govuk-button--start']]
2022-05-19 18:05:21 INFO  SelectNationalityPage :28 - Selecting nationality Chile from dropdown [[ChromeDriver: chrome on WINDOWS (24dfbdebba125930d61a50beee3eb117)] -> xpath: //select[@id='response']]
2022-05-19 18:05:199 INFO  ManageDriver :32 - Launching Chrome Browser
2022-05-19 18:05:581 INFO  StartPage :24 - Clicking on startNowButton [[ChromeDriver: chrome on WINDOWS (8b6d9ff00f2311d14c9cbbedd8367022)] -> xpath: //a[@class='gem-c-button govuk-button govuk-button--start']]
2022-05-19 18:05:662 INFO  SelectNationalityPage :28 - Selecting nationality Australia from dropdown [[ChromeDriver: chrome on WINDOWS (8b6d9ff00f2311d14c9cbbedd8367022)] -> xpath: //select[@id='response']]
2022-05-19 18:05:585 INFO  SelectNationalityPage :32 - Clicking on nextStepButton [[ChromeDriver: chrome on WINDOWS (8b6d9ff00f2311d14c9cbbedd8367022)] -> xpath: //button[contains(text(),'Continue')]]
2022-05-19 18:05:740 INFO  SelectNationalityPage :32 - Clicking on nextStepButton [[ChromeDriver: chrome on WINDOWS (8b6d9ff00f2311d14c9cbbedd8367022)] -> xpath: //button[contains(text(),'Continue')]]
2022-05-19 18:05:757 INFO  ResultPage :24 - Clicking on resultMessage [[ChromeDriver: chrome on WINDOWS (8b6d9ff00f2311d14c9cbbedd8367022)] -> xpath: //div[@id='result-info']//div[2]/h2]
2022-05-19 18:05:578 INFO  ManageDriver :32 - Launching Chrome Browser
2022-05-19 18:05:997 INFO  StartPage :24 - Clicking on startNowButton [[ChromeDriver: chrome on WINDOWS (8a20362e8c0c2430d0af2e2b6624a1a8)] -> xpath: //a[@class='gem-c-button govuk-button govuk-button--start']]
2022-05-19 18:05:60 INFO  SelectNationalityPage :28 - Selecting nationality Chile from dropdown [[ChromeDriver: chrome on WINDOWS (8a20362e8c0c2430d0af2e2b6624a1a8)] -> xpath: //select[@id='response']]
2022-05-19 18:05:33 INFO  SelectNationalityPage :32 - Clicking on nextStepButton [[ChromeDriver: chrome on WINDOWS (8a20362e8c0c2430d0af2e2b6624a1a8)] -> xpath: //button[contains(text(),'Continue')]]
2022-05-19 18:05:300 INFO  SelectNationalityPage :32 - Clicking on nextStepButton [[ChromeDriver: chrome on WINDOWS (8a20362e8c0c2430d0af2e2b6624a1a8)] -> xpath: //button[contains(text(),'Continue')]]
2022-05-19 18:05:147 INFO  DurationOfStayPage :44 - Selecting option longer than 6 months from dropdown [[ChromeDriver: chrome on WINDOWS (8a20362e8c0c2430d0af2e2b6624a1a8)] -> xpath: //input[@id='response-1']]
2022-05-19 18:05:209 INFO  SelectNationalityPage :32 - Clicking on nextStepButton [[ChromeDriver: chrome on WINDOWS (8a20362e8c0c2430d0af2e2b6624a1a8)] -> xpath: //button[contains(text(),'Continue')]]
2022-05-19 18:05:287 INFO  WorkTypePage :65 - Selecting job Health and care professional from dropdown [[ChromeDriver: chrome on WINDOWS (8a20362e8c0c2430d0af2e2b6624a1a8)] -> xpath: //input[@id='response-0']]
2022-05-19 18:05:642 INFO  SelectNationalityPage :32 - Clicking on nextStepButton [[ChromeDriver: chrome on WINDOWS (8a20362e8c0c2430d0af2e2b6624a1a8)] -> xpath: //button[contains(text(),'Continue')]]
2022-05-19 18:05:663 INFO  ResultPage :24 - Clicking on resultMessage [[ChromeDriver: chrome on WINDOWS (8a20362e8c0c2430d0af2e2b6624a1a8)] -> xpath: //div[@id='result-info']//div[2]/h2]
2022-05-19 18:05:465 INFO  ManageDriver :32 - Launching Chrome Browser
2022-05-19 18:05:119 INFO  StartPage :24 - Clicking on startNowButton [[ChromeDriver: chrome on WINDOWS (9bebdded5ec5217dcbf089f5cc550556)] -> xpath: //a[@class='gem-c-button govuk-button govuk-button--start']]
2022-05-19 18:05:182 INFO  SelectNationalityPage :28 - Selecting nationality Colombia from dropdown [[ChromeDriver: chrome on WINDOWS (9bebdded5ec5217dcbf089f5cc550556)] -> xpath: //select[@id='response']]
2022-05-19 18:05:921 INFO  SelectNationalityPage :32 - Clicking on nextStepButton [[ChromeDriver: chrome on WINDOWS (9bebdded5ec5217dcbf089f5cc550556)] -> xpath: //button[contains(text(),'Continue')]]
2022-05-19 18:05:80 INFO  SelectNationalityPage :32 - Clicking on nextStepButton [[ChromeDriver: chrome on WINDOWS (9bebdded5ec5217dcbf089f5cc550556)] -> xpath: //button[contains(text(),'Continue')]]
2022-05-19 18:05:157 INFO  FamilyImmigrationStatusPage :41 - Selecting option Yes from dropdown [[ChromeDriver: chrome on WINDOWS (9bebdded5ec5217dcbf089f5cc550556)] -> xpath: //input[@id='response-0']]
2022-05-19 18:05:222 INFO  SelectNationalityPage :32 - Clicking on nextStepButton [[ChromeDriver: chrome on WINDOWS (9bebdded5ec5217dcbf089f5cc550556)] -> xpath: //button[contains(text(),'Continue')]]
2022-05-19 18:05:251 INFO  ResultPage :24 - Clicking on resultMessage Proxy element for: DefaultElementLocator 'By.xpath: //div[@id='result-info']//div[2]/h2'
2022-05-19 18:05:948 INFO  ManageDriver :32 - Launching Chrome Browser
2022-05-19 18:05:360 INFO  StartPage :24 - Clicking on startNowButton [[ChromeDriver: chrome on WINDOWS (da070e9085bd6cb6aa99ce8a33c209ed)] -> xpath: //a[@class='gem-c-button govuk-button govuk-button--start']]
2022-05-19 18:05:438 INFO  SelectNationalityPage :28 - Selecting nationality Colombia from dropdown [[ChromeDriver: chrome on WINDOWS (da070e9085bd6cb6aa99ce8a33c209ed)] -> xpath: //select[@id='response']]
2022-05-19 18:05:138 INFO  SelectNationalityPage :32 - Clicking on nextStepButton [[ChromeDriver: chrome on WINDOWS (da070e9085bd6cb6aa99ce8a33c209ed)] -> xpath: //button[contains(text(),'Continue')]]
2022-05-19 18:05:325 INFO  SelectNationalityPage :32 - Clicking on nextStepButton [[ChromeDriver: chrome on WINDOWS (da070e9085bd6cb6aa99ce8a33c209ed)] -> xpath: //button[contains(text(),'Continue')]]
2022-05-19 18:05:390 INFO  FamilyImmigrationStatusPage :41 - Selecting option Yes from dropdown [[ChromeDriver: chrome on WINDOWS (da070e9085bd6cb6aa99ce8a33c209ed)] -> xpath: //input[@id='response-0']]
2022-05-19 18:05:537 INFO  SelectNationalityPage :32 - Clicking on nextStepButton [[ChromeDriver: chrome on WINDOWS (da070e9085bd6cb6aa99ce8a33c209ed)] -> xpath: //button[contains(text(),'Continue')]]
2022-05-19 18:05:183 INFO  ResultPage :24 - Clicking on resultMessage Proxy element for: DefaultElementLocator 'By.xpath: //div[@id='result-info']//div[2]/h2'
2022-05-19 18:05:434 INFO  ManageDriver :32 - Launching Chrome Browser
2022-05-19 18:05:735 INFO  StartPage :24 - Clicking on startNowButton [[ChromeDriver: chrome on WINDOWS (d5f67d421506949aff05d0e405915cb8)] -> xpath: //a[@class='gem-c-button govuk-button govuk-button--start']]
2022-05-19 18:05:815 INFO  SelectNationalityPage :28 - Selecting nationality Colombia from dropdown [[ChromeDriver: chrome on WINDOWS (d5f67d421506949aff05d0e405915cb8)] -> xpath: //select[@id='response']]
2022-05-19 18:05:607 INFO  SelectNationalityPage :32 - Clicking on nextStepButton [[ChromeDriver: chrome on WINDOWS (d5f67d421506949aff05d0e405915cb8)] -> xpath: //button[contains(text(),'Continue')]]
2022-05-19 18:05:05 INFO  SelectNationalityPage :32 - Clicking on nextStepButton [[ChromeDriver: chrome on WINDOWS (d5f67d421506949aff05d0e405915cb8)] -> xpath: //button[contains(text(),'Continue')]]
2022-05-19 18:05:110 INFO  FamilyImmigrationStatusPage :41 - Selecting option Yes from dropdown [[ChromeDriver: chrome on WINDOWS (d5f67d421506949aff05d0e405915cb8)] -> xpath: //input[@id='response-0']]
2022-05-19 18:05:391 INFO  SelectNationalityPage :32 - Clicking on nextStepButton [[ChromeDriver: chrome on WINDOWS (d5f67d421506949aff05d0e405915cb8)] -> xpath: //button[contains(text(),'Continue')]]
2022-05-19 18:05:189 INFO  ResultPage :24 - Clicking on resultMessage Proxy element for: DefaultElementLocator 'By.xpath: //div[@id='result-info']//div[2]/h2'
2022-05-19 18:05:978 INFO  ManageDriver :32 - Launching Chrome Browser
2022-05-19 18:05:418 INFO  StartPage :24 - Clicking on startNowButton [[ChromeDriver: chrome on WINDOWS (4b5eb6432a0911ec9f1948e85cbdb5d0)] -> xpath: //a[@class='gem-c-button govuk-button govuk-button--start']]
2022-05-19 18:05:496 INFO  SelectNationalityPage :28 - Selecting nationality Colombia from dropdown [[ChromeDriver: chrome on WINDOWS (4b5eb6432a0911ec9f1948e85cbdb5d0)] -> xpath: //select[@id='response']]
2022-05-19 18:05:188 INFO  SelectNationalityPage :32 - Clicking on nextStepButton [[ChromeDriver: chrome on WINDOWS (4b5eb6432a0911ec9f1948e85cbdb5d0)] -> xpath: //button[contains(text(),'Continue')]]
2022-05-19 18:05:349 INFO  SelectNationalityPage :32 - Clicking on nextStepButton [[ChromeDriver: chrome on WINDOWS (4b5eb6432a0911ec9f1948e85cbdb5d0)] -> xpath: //button[contains(text(),'Continue')]]
2022-05-19 18:05:420 INFO  FamilyImmigrationStatusPage :41 - Selecting option Yes from dropdown [[ChromeDriver: chrome on WINDOWS (4b5eb6432a0911ec9f1948e85cbdb5d0)] -> xpath: //input[@id='response-0']]
2022-05-19 18:05:486 INFO  SelectNationalityPage :32 - Clicking on nextStepButton [[ChromeDriver: chrome on WINDOWS (4b5eb6432a0911ec9f1948e85cbdb5d0)] -> xpath: //button[contains(text(),'Continue')]]
2022-05-19 18:05:539 INFO  ResultPage :24 - Clicking on resultMessage Proxy element for: DefaultElementLocator 'By.xpath: //div[@id='result-info']//div[2]/h2'
2022-05-19 18:05:385 INFO  ManageDriver :32 - Launching Chrome Browser
2022-05-19 18:05:313 INFO  StartPage :24 - Clicking on startNowButton [[ChromeDriver: chrome on WINDOWS (169a2e58ae9dd3265cf38a0f5cfa7202)] -> xpath: //a[@class='gem-c-button govuk-button govuk-button--start']]
2022-05-19 18:05:424 INFO  SelectNationalityPage :28 - Selecting nationality Australia from dropdown [[ChromeDriver: chrome on WINDOWS (169a2e58ae9dd3265cf38a0f5cfa7202)] -> xpath: //select[@id='response']]
2022-05-19 18:05:59 INFO  SelectNationalityPage :32 - Clicking on nextStepButton [[ChromeDriver: chrome on WINDOWS (169a2e58ae9dd3265cf38a0f5cfa7202)] -> xpath: //button[contains(text(),'Continue')]]
2022-05-19 18:05:225 INFO  SelectNationalityPage :32 - Clicking on nextStepButton [[ChromeDriver: chrome on WINDOWS (169a2e58ae9dd3265cf38a0f5cfa7202)] -> xpath: //button[contains(text(),'Continue')]]
2022-05-19 18:05:330 INFO  ResultPage :24 - Clicking on resultMessage Proxy element for: DefaultElementLocator 'By.xpath: //div[@id='result-info']//div[2]/h2'
2022-05-19 19:05:86 INFO  ManageDriver :32 - Launching Chrome Browser
2022-05-19 19:05:241 INFO  StartPage :24 - Clicking on startNowButton [[ChromeDriver: chrome on WINDOWS (4206c5f149e2224be1e797e067321a11)] -> xpath: //a[@class='gem-c-button govuk-button govuk-button--start']]
2022-05-19 19:05:383 INFO  SelectNationalityPage :28 - Selecting nationality Australia from dropdown [[ChromeDriver: chrome on WINDOWS (4206c5f149e2224be1e797e067321a11)] -> xpath: //select[@id='response']]
2022-05-19 19:05:70 INFO  SelectNationalityPage :32 - Clicking on nextStepButton [[ChromeDriver: chrome on WINDOWS (4206c5f149e2224be1e797e067321a11)] -> xpath: //button[contains(text(),'Continue')]]
2022-05-19 19:05:414 INFO  SelectNationalityPage :32 - Clicking on nextStepButton [[ChromeDriver: chrome on WINDOWS (4206c5f149e2224be1e797e067321a11)] -> xpath: //button[contains(text(),'Continue')]]
2022-05-19 19:05:500 INFO  ResultPage :24 - Clicking on resultMessage Proxy element for: DefaultElementLocator 'By.xpath: //div[@id='result-info']//div[2]/h2'
2022-05-19 19:05:490 INFO  ManageDriver :32 - Launching Chrome Browser
2022-05-19 19:05:502 INFO  StartPage :24 - Clicking on startNowButton [[ChromeDriver: chrome on WINDOWS (54d0299a88691ef00cc843e3e255ccc0)] -> xpath: //a[@class='gem-c-button govuk-button govuk-button--start']]
2022-05-19 19:05:616 INFO  SelectNationalityPage :28 - Selecting nationality Australia from dropdown [[ChromeDriver: chrome on WINDOWS (54d0299a88691ef00cc843e3e255ccc0)] -> xpath: //select[@id='response']]
2022-05-19 19:05:306 INFO  SelectNationalityPage :32 - Clicking on nextStepButton [[ChromeDriver: chrome on WINDOWS (54d0299a88691ef00cc843e3e255ccc0)] -> xpath: //button[contains(text(),'Continue')]]
2022-05-19 19:05:621 INFO  SelectNationalityPage :32 - Clicking on nextStepButton [[ChromeDriver: chrome on WINDOWS (54d0299a88691ef00cc843e3e255ccc0)] -> xpath: //button[contains(text(),'Continue')]]
2022-05-19 19:05:658 INFO  ResultPage :24 - Clicking on resultMessage [[ChromeDriver: chrome on WINDOWS (54d0299a88691ef00cc843e3e255ccc0)] -> xpath: //div[@id='result-info']//div[2]/h2]
2022-05-19 19:05:938 INFO  ManageDriver :32 - Launching Chrome Browser
2022-05-19 19:05:35 INFO  StartPage :24 - Clicking on startNowButton [[ChromeDriver: chrome on WINDOWS (5560f6a4a2aaeee091377389f2493c3d)] -> xpath: //a[@class='gem-c-button govuk-button govuk-button--start']]
2022-05-19 19:05:143 INFO  SelectNationalityPage :28 - Selecting nationality Australia from dropdown [[ChromeDriver: chrome on WINDOWS (5560f6a4a2aaeee091377389f2493c3d)] -> xpath: //select[@id='response']]
2022-05-19 19:05:690 INFO  SelectNationalityPage :32 - Clicking on nextStepButton [[ChromeDriver: chrome on WINDOWS (5560f6a4a2aaeee091377389f2493c3d)] -> xpath: //button[contains(text(),'Continue')]]
2022-05-19 19:05:860 INFO  SelectNationalityPage :32 - Clicking on nextStepButton [[ChromeDriver: chrome on WINDOWS (5560f6a4a2aaeee091377389f2493c3d)] -> xpath: //button[contains(text(),'Continue')]]
2022-05-19 19:05:888 INFO  ResultPage :24 - Clicking on resultMessage [[ChromeDriver: chrome on WINDOWS (5560f6a4a2aaeee091377389f2493c3d)] -> xpath: //div[@id='result-info']//div[2]/h2]
2022-05-19 19:05:921 INFO  ManageDriver :32 - Launching Chrome Browser
2022-05-19 19:05:775 INFO  StartPage :24 - Clicking on startNowButton [[ChromeDriver: chrome on WINDOWS (b647fd012d4905605c2d55e11096ec6c)] -> xpath: //a[@class='gem-c-button govuk-button govuk-button--start']]
2022-05-19 19:05:871 INFO  SelectNationalityPage :28 - Selecting nationality Chile from dropdown [[ChromeDriver: chrome on WINDOWS (b647fd012d4905605c2d55e11096ec6c)] -> xpath: //select[@id='response']]
2022-05-19 19:05:905 INFO  SelectNationalityPage :32 - Clicking on nextStepButton [[ChromeDriver: chrome on WINDOWS (b647fd012d4905605c2d55e11096ec6c)] -> xpath: //button[contains(text(),'Continue')]]
2022-05-19 19:05:762 INFO  SelectNationalityPage :32 - Clicking on nextStepButton [[ChromeDriver: chrome on WINDOWS (b647fd012d4905605c2d55e11096ec6c)] -> xpath: //button[contains(text(),'Continue')]]
2022-05-19 19:05:851 INFO  DurationOfStayPage :44 - Selecting option longer than 6 months from dropdown [[ChromeDriver: chrome on WINDOWS (b647fd012d4905605c2d55e11096ec6c)] -> xpath: //input[@id='response-1']]
2022-05-19 19:05:499 INFO  DurationOfStayPage :33 - Clicking on nextStepButton [[ChromeDriver: chrome on WINDOWS (b647fd012d4905605c2d55e11096ec6c)] -> xpath: //button[contains(text(),'Continue')]]
2022-05-19 19:05:985 INFO  WorkTypePage :65 - Selecting job Health and care professional from dropdown [[ChromeDriver: chrome on WINDOWS (b647fd012d4905605c2d55e11096ec6c)] -> xpath: //input[@id='response-0']]
2022-05-19 19:05:06 INFO  WorkTypePage :57 - Clicking on nextStepButton [[ChromeDriver: chrome on WINDOWS (b647fd012d4905605c2d55e11096ec6c)] -> xpath: //button[contains(text(),'Continue')]]
2022-05-19 19:05:47 INFO  ResultPage :24 - Clicking on resultMessage [[ChromeDriver: chrome on WINDOWS (b647fd012d4905605c2d55e11096ec6c)] -> xpath: //div[@id='result-info']//div[2]/h2]
2022-05-19 19:05:265 INFO  ManageDriver :32 - Launching Chrome Browser
2022-05-19 19:05:310 INFO  StartPage :24 - Clicking on startNowButton [[ChromeDriver: chrome on WINDOWS (1ef0ad243e06ff12a8d55092d56c64bc)] -> xpath: //a[@class='gem-c-button govuk-button govuk-button--start']]
2022-05-19 19:05:433 INFO  SelectNationalityPage :28 - Selecting nationality Australia from dropdown [[ChromeDriver: chrome on WINDOWS (1ef0ad243e06ff12a8d55092d56c64bc)] -> xpath: //select[@id='response']]
2022-05-19 19:05:981 INFO  SelectNationalityPage :32 - Clicking on nextStepButton [[ChromeDriver: chrome on WINDOWS (1ef0ad243e06ff12a8d55092d56c64bc)] -> xpath: //button[contains(text(),'Continue')]]
2022-05-19 19:05:225 INFO  SelectNationalityPage :32 - Clicking on nextStepButton [[ChromeDriver: chrome on WINDOWS (1ef0ad243e06ff12a8d55092d56c64bc)] -> xpath: //button[contains(text(),'Continue')]]
2022-05-19 19:05:263 INFO  ResultPage :24 - Clicking on resultMessage [[ChromeDriver: chrome on WINDOWS (1ef0ad243e06ff12a8d55092d56c64bc)] -> xpath: //div[@id='result-info']//div[2]/h2]
2022-05-19 19:05:316 INFO  ManageDriver :32 - Launching Chrome Browser
2022-05-19 19:05:58 INFO  StartPage :24 - Clicking on startNowButton [[ChromeDriver: chrome on WINDOWS (cc19bf5179c035516145d9ad2d2df38e)] -> xpath: //a[@class='gem-c-button govuk-button govuk-button--start']]
2022-05-19 19:05:153 INFO  SelectNationalityPage :28 - Selecting nationality Colombia from dropdown [[ChromeDriver: chrome on WINDOWS (cc19bf5179c035516145d9ad2d2df38e)] -> xpath: //select[@id='response']]
2022-05-19 19:05:283 INFO  SelectNationalityPage :32 - Clicking on nextStepButton [[ChromeDriver: chrome on WINDOWS (cc19bf5179c035516145d9ad2d2df38e)] -> xpath: //button[contains(text(),'Continue')]]
2022-05-19 19:05:950 INFO  SelectNationalityPage :32 - Clicking on nextStepButton [[ChromeDriver: chrome on WINDOWS (cc19bf5179c035516145d9ad2d2df38e)] -> xpath: //button[contains(text(),'Continue')]]
2022-05-19 19:05:38 INFO  FamilyImmigrationStatusPage :41 - Selecting option Yes from dropdown [[ChromeDriver: chrome on WINDOWS (cc19bf5179c035516145d9ad2d2df38e)] -> xpath: //input[@id='response-0']]
2022-05-19 19:05:660 INFO  FamilyImmigrationStatusPage :34 - Clicking on nextStepButton [[ChromeDriver: chrome on WINDOWS (cc19bf5179c035516145d9ad2d2df38e)] -> xpath: //button[contains(text(),'Continue')]]
2022-05-19 19:05:104 INFO  ResultPage :24 - Clicking on resultMessage Proxy element for: DefaultElementLocator 'By.xpath: //div[@id='result-info']//div[2]/h2'
2022-05-19 19:05:206 INFO  ManageDriver :32 - Launching Chrome Browser
2022-05-19 19:05:09 INFO  StartPage :24 - Clicking on startNowButton [[ChromeDriver: chrome on WINDOWS (e737fd80148e6058757ca455fa80089a)] -> xpath: //a[@class='gem-c-button govuk-button govuk-button--start']]
2022-05-19 19:05:154 INFO  SelectNationalityPage :28 - Selecting nationality Colombia from dropdown [[ChromeDriver: chrome on WINDOWS (e737fd80148e6058757ca455fa80089a)] -> xpath: //select[@id='response']]
2022-05-19 19:05:821 INFO  SelectNationalityPage :32 - Clicking on nextStepButton [[ChromeDriver: chrome on WINDOWS (e737fd80148e6058757ca455fa80089a)] -> xpath: //button[contains(text(),'Continue')]]
2022-05-19 19:05:55 INFO  SelectNationalityPage :32 - Clicking on nextStepButton [[ChromeDriver: chrome on WINDOWS (e737fd80148e6058757ca455fa80089a)] -> xpath: //button[contains(text(),'Continue')]]
2022-05-19 19:05:137 INFO  FamilyImmigrationStatusPage :41 - Selecting option Yes from dropdown [[ChromeDriver: chrome on WINDOWS (e737fd80148e6058757ca455fa80089a)] -> xpath: //input[@id='response-0']]
2022-05-19 19:05:211 INFO  FamilyImmigrationStatusPage :34 - Clicking on nextStepButton [[ChromeDriver: chrome on WINDOWS (e737fd80148e6058757ca455fa80089a)] -> xpath: //button[contains(text(),'Continue')]]
2022-05-19 19:05:243 INFO  ResultPage :24 - Clicking on resultMessage Proxy element for: DefaultElementLocator 'By.xpath: //div[@id='result-info']//div[2]/h2'
2022-05-19 19:05:173 INFO  ManageDriver :32 - Launching Chrome Browser
2022-05-19 19:05:426 INFO  StartPage :24 - Clicking on startNowButton [[ChromeDriver: chrome on WINDOWS (01e49e0a26593eb0c2bcfc6f2c22df8c)] -> xpath: //a[@class='gem-c-button govuk-button govuk-button--start']]
2022-05-19 19:05:544 INFO  SelectNationalityPage :28 - Selecting nationality Australia from dropdown [[ChromeDriver: chrome on WINDOWS (01e49e0a26593eb0c2bcfc6f2c22df8c)] -> xpath: //select[@id='response']]
2022-05-19 19:05:197 INFO  SelectNationalityPage :32 - Clicking on nextStepButton [[ChromeDriver: chrome on WINDOWS (01e49e0a26593eb0c2bcfc6f2c22df8c)] -> xpath: //button[contains(text(),'Continue')]]
2022-05-19 19:05:396 INFO  SelectNationalityPage :32 - Clicking on nextStepButton [[ChromeDriver: chrome on WINDOWS (01e49e0a26593eb0c2bcfc6f2c22df8c)] -> xpath: //button[contains(text(),'Continue')]]
2022-05-19 19:05:423 INFO  ResultPage :24 - Clicking on resultMessage [[ChromeDriver: chrome on WINDOWS (01e49e0a26593eb0c2bcfc6f2c22df8c)] -> xpath: //div[@id='result-info']//div[2]/h2]
2022-05-19 19:05:477 INFO  ManageDriver :32 - Launching Chrome Browser
2022-05-19 19:05:343 INFO  StartPage :24 - Clicking on startNowButton [[ChromeDriver: chrome on WINDOWS (93b6e6dcb4ef294e4dc5a8d8d2b2ccdc)] -> xpath: //a[@class='gem-c-button govuk-button govuk-button--start']]
2022-05-19 19:05:456 INFO  SelectNationalityPage :28 - Selecting nationality Colombia from dropdown [[ChromeDriver: chrome on WINDOWS (93b6e6dcb4ef294e4dc5a8d8d2b2ccdc)] -> xpath: //select[@id='response']]
2022-05-19 19:05:469 INFO  SelectNationalityPage :32 - Clicking on nextStepButton [[ChromeDriver: chrome on WINDOWS (93b6e6dcb4ef294e4dc5a8d8d2b2ccdc)] -> xpath: //button[contains(text(),'Continue')]]
2022-05-19 19:05:171 INFO  ManageDriver :32 - Launching Chrome Browser
2022-05-19 19:05:139 INFO  StartPage :24 - Clicking on startNowButton [[ChromeDriver: chrome on WINDOWS (edc7c63ae3dd29568c7ff16bdc706c37)] -> xpath: //a[@class='gem-c-button govuk-button govuk-button--start']]
2022-05-19 19:05:258 INFO  SelectNationalityPage :28 - Selecting nationality Australia from dropdown [[ChromeDriver: chrome on WINDOWS (edc7c63ae3dd29568c7ff16bdc706c37)] -> xpath: //select[@id='response']]
2022-05-19 19:05:258 INFO  SelectNationalityPage :32 - Clicking on nextStepButton [[ChromeDriver: chrome on WINDOWS (edc7c63ae3dd29568c7ff16bdc706c37)] -> xpath: //button[contains(text(),'Continue')]]
2022-05-19 19:05:455 INFO  SelectNationalityPage :32 - Clicking on nextStepButton [[ChromeDriver: chrome on WINDOWS (edc7c63ae3dd29568c7ff16bdc706c37)] -> xpath: //button[contains(text(),'Continue')]]
2022-05-19 19:05:487 INFO  ResultPage :24 - Clicking on resultMessage [[ChromeDriver: chrome on WINDOWS (edc7c63ae3dd29568c7ff16bdc706c37)] -> xpath: //div[@id='result-info']//div[2]/h2]
2022-05-19 19:05:542 INFO  ManageDriver :32 - Launching Chrome Browser
2022-05-19 19:05:338 INFO  StartPage :24 - Clicking on startNowButton [[ChromeDriver: chrome on WINDOWS (7a0584d73bd9680488f7f6ce3194bc82)] -> xpath: //a[@class='gem-c-button govuk-button govuk-button--start']]
2022-05-19 19:05:440 INFO  SelectNationalityPage :28 - Selecting nationality Colombia from dropdown [[ChromeDriver: chrome on WINDOWS (7a0584d73bd9680488f7f6ce3194bc82)] -> xpath: //select[@id='response']]
2022-05-19 19:05:929 INFO  SelectNationalityPage :32 - Clicking on nextStepButton [[ChromeDriver: chrome on WINDOWS (7a0584d73bd9680488f7f6ce3194bc82)] -> xpath: //button[contains(text(),'Continue')]]
2022-05-19 19:05:266 INFO  SelectNationalityPage :32 - Clicking on nextStepButton [[ChromeDriver: chrome on WINDOWS (7a0584d73bd9680488f7f6ce3194bc82)] -> xpath: //button[contains(text(),'Continue')]]
2022-05-19 19:05:361 INFO  ManageDriver :32 - Launching Chrome Browser
2022-05-19 19:05:90 INFO  StartPage :24 - Clicking on startNowButton [[ChromeDriver: chrome on WINDOWS (7f697c64866c042f9e4c786ea38b2190)] -> xpath: //a[@class='gem-c-button govuk-button govuk-button--start']]
2022-05-19 19:05:393 INFO  SelectNationalityPage :28 - Selecting nationality Colombia from dropdown [[ChromeDriver: chrome on WINDOWS (7f697c64866c042f9e4c786ea38b2190)] -> xpath: //select[@id='response']]
2022-05-19 19:05:854 INFO  SelectNationalityPage :32 - Clicking on nextStepButton [[ChromeDriver: chrome on WINDOWS (7f697c64866c042f9e4c786ea38b2190)] -> xpath: //button[contains(text(),'Continue')]]
2022-05-19 19:05:458 INFO  SelectNationalityPage :32 - Clicking on nextStepButton [[ChromeDriver: chrome on WINDOWS (7f697c64866c042f9e4c786ea38b2190)] -> xpath: //button[contains(text(),'Continue')]]
2022-05-19 19:05:983 INFO  ManageDriver :32 - Launching Chrome Browser
2022-05-19 19:05:842 INFO  StartPage :24 - Clicking on startNowButton [[ChromeDriver: chrome on WINDOWS (5f7f6b6d0690eeb07bba9440b963b60f)] -> xpath: //a[@class='gem-c-button govuk-button govuk-button--start']]
2022-05-19 19:05:958 INFO  SelectNationalityPage :28 - Selecting nationality Australia from dropdown [[ChromeDriver: chrome on WINDOWS (5f7f6b6d0690eeb07bba9440b963b60f)] -> xpath: //select[@id='response']]
2022-05-19 19:05:872 INFO  SelectNationalityPage :32 - Clicking on nextStepButton [[ChromeDriver: chrome on WINDOWS (5f7f6b6d0690eeb07bba9440b963b60f)] -> xpath: //button[contains(text(),'Continue')]]
2022-05-19 19:05:82 INFO  SelectNationalityPage :32 - Clicking on nextStepButton [[ChromeDriver: chrome on WINDOWS (5f7f6b6d0690eeb07bba9440b963b60f)] -> xpath: //button[contains(text(),'Continue')]]
2022-05-19 19:05:116 INFO  ResultPage :24 - Clicking on resultMessage [[ChromeDriver: chrome on WINDOWS (5f7f6b6d0690eeb07bba9440b963b60f)] -> xpath: //div[@id='result-info']//div[2]/h2]
2022-05-19 19:05:181 INFO  ManageDriver :32 - Launching Chrome Browser
2022-05-19 19:05:979 INFO  StartPage :24 - Clicking on startNowButton [[ChromeDriver: chrome on WINDOWS (3ef6646cf552029f7331beb32829748d)] -> xpath: //a[@class='gem-c-button govuk-button govuk-button--start']]
2022-05-19 19:05:77 INFO  SelectNationalityPage :28 - Selecting nationality Colombia from dropdown [[ChromeDriver: chrome on WINDOWS (3ef6646cf552029f7331beb32829748d)] -> xpath: //select[@id='response']]
2022-05-19 19:05:203 INFO  SelectNationalityPage :32 - Clicking on nextStepButton [[ChromeDriver: chrome on WINDOWS (3ef6646cf552029f7331beb32829748d)] -> xpath: //button[contains(text(),'Continue')]]
2022-05-19 19:05:387 INFO  SelectNationalityPage :32 - Clicking on nextStepButton [[ChromeDriver: chrome on WINDOWS (3ef6646cf552029f7331beb32829748d)] -> xpath: //button[contains(text(),'Continue')]]
2022-05-19 19:05:919 INFO  ManageDriver :32 - Launching Chrome Browser
2022-05-19 19:05:327 INFO  StartPage :24 - Clicking on startNowButton [[ChromeDriver: chrome on WINDOWS (7d3fd6aeabd2a25aa7984577b5d0e30d)] -> xpath: //a[@class='gem-c-button govuk-button govuk-button--start']]
2022-05-19 19:05:529 INFO  SelectNationalityPage :28 - Selecting nationality Australia from dropdown [[ChromeDriver: chrome on WINDOWS (7d3fd6aeabd2a25aa7984577b5d0e30d)] -> xpath: //select[@id='response']]
2022-05-19 19:05:626 INFO  SelectNationalityPage :32 - Clicking on nextStepButton [[ChromeDriver: chrome on WINDOWS (7d3fd6aeabd2a25aa7984577b5d0e30d)] -> xpath: //button[contains(text(),'Continue')]]
2022-05-19 19:05:156 INFO  SelectNationalityPage :32 - Clicking on nextStepButton [[ChromeDriver: chrome on WINDOWS (7d3fd6aeabd2a25aa7984577b5d0e30d)] -> xpath: //button[contains(text(),'Continue')]]
2022-05-19 19:05:214 INFO  ResultPage :24 - Clicking on resultMessage [[ChromeDriver: chrome on WINDOWS (7d3fd6aeabd2a25aa7984577b5d0e30d)] -> xpath: //div[@id='result-info']//div[2]/h2]
2022-05-19 19:05:362 INFO  ManageDriver :32 - Launching Chrome Browser
2022-05-19 19:05:57 INFO  StartPage :24 - Clicking on startNowButton [[ChromeDriver: chrome on WINDOWS (82831fc3b23de2db7ca99b153b28fb1e)] -> xpath: //a[@class='gem-c-button govuk-button govuk-button--start']]
2022-05-19 19:05:299 INFO  SelectNationalityPage :28 - Selecting nationality Colombia from dropdown [[ChromeDriver: chrome on WINDOWS (82831fc3b23de2db7ca99b153b28fb1e)] -> xpath: //select[@id='response']]
2022-05-19 19:05:857 INFO  SelectNationalityPage :32 - Clicking on nextStepButton [[ChromeDriver: chrome on WINDOWS (82831fc3b23de2db7ca99b153b28fb1e)] -> xpath: //button[contains(text(),'Continue')]]
2022-05-19 19:05:622 INFO  SelectNationalityPage :32 - Clicking on nextStepButton [[ChromeDriver: chrome on WINDOWS (82831fc3b23de2db7ca99b153b28fb1e)] -> xpath: //button[contains(text(),'Continue')]]
2022-05-19 20:05:32 INFO  ManageDriver :32 - Launching Chrome Browser
2022-05-19 20:05:877 INFO  StartPage :24 - Clicking on startNowButton [[ChromeDriver: chrome on WINDOWS (11ed73c98fc3ea1175857ca9858d428b)] -> xpath: //a[@class='gem-c-button govuk-button govuk-button--start']]
2022-05-19 20:05:242 INFO  SelectNationalityPage :28 - Selecting nationality Colombia from dropdown [[ChromeDriver: chrome on WINDOWS (11ed73c98fc3ea1175857ca9858d428b)] -> xpath: //select[@id='response']]
2022-05-19 20:05:310 INFO  SelectNationalityPage :32 - Clicking on nextStepButton [[ChromeDriver: chrome on WINDOWS (11ed73c98fc3ea1175857ca9858d428b)] -> xpath: //button[contains(text(),'Continue')]]
2022-05-19 20:05:667 INFO  SelectNationalityPage :32 - Clicking on nextStepButton [[ChromeDriver: chrome on WINDOWS (11ed73c98fc3ea1175857ca9858d428b)] -> xpath: //button[contains(text(),'Continue')]]
2022-05-19 20:05:212 INFO  ManageDriver :32 - Launching Chrome Browser
2022-05-19 20:05:661 INFO  StartPage :24 - Clicking on startNowButton [[ChromeDriver: chrome on WINDOWS (45475c6eb27ea7754010daccc224da62)] -> xpath: //a[@class='gem-c-button govuk-button govuk-button--start']]
2022-05-19 20:05:99 INFO  SelectNationalityPage :28 - Selecting nationality Australia from dropdown [[ChromeDriver: chrome on WINDOWS (45475c6eb27ea7754010daccc224da62)] -> xpath: //select[@id='response']]
2022-05-19 20:05:333 INFO  SelectNationalityPage :32 - Clicking on nextStepButton [[ChromeDriver: chrome on WINDOWS (45475c6eb27ea7754010daccc224da62)] -> xpath: //button[contains(text(),'Continue')]]
2022-05-19 20:05:114 INFO  SelectNationalityPage :32 - Clicking on nextStepButton [[ChromeDriver: chrome on WINDOWS (45475c6eb27ea7754010daccc224da62)] -> xpath: //button[contains(text(),'Continue')]]
2022-05-19 20:05:249 INFO  ResultPage :24 - Clicking on resultMessage [[ChromeDriver: chrome on WINDOWS (45475c6eb27ea7754010daccc224da62)] -> xpath: //div[@id='result-info']//div[2]/h2]
2022-05-19 20:05:500 INFO  ManageDriver :32 - Launching Chrome Browser
2022-05-19 20:05:642 INFO  StartPage :24 - Clicking on startNowButton [[ChromeDriver: chrome on WINDOWS (0fe52e6af6f120281fd28fa49f374fc9)] -> xpath: //a[@class='gem-c-button govuk-button govuk-button--start']]
2022-05-19 20:05:823 INFO  SelectNationalityPage :28 - Selecting nationality Colombia from dropdown [[ChromeDriver: chrome on WINDOWS (0fe52e6af6f120281fd28fa49f374fc9)] -> xpath: //select[@id='response']]
2022-05-19 20:05:534 INFO  SelectNationalityPage :32 - Clicking on nextStepButton [[ChromeDriver: chrome on WINDOWS (0fe52e6af6f120281fd28fa49f374fc9)] -> xpath: //button[contains(text(),'Continue')]]
2022-05-19 20:05:948 INFO  SelectNationalityPage :32 - Clicking on nextStepButton [[ChromeDriver: chrome on WINDOWS (0fe52e6af6f120281fd28fa49f374fc9)] -> xpath: //button[contains(text(),'Continue')]]
2022-05-19 20:05:110 INFO  FamilyImmigrationStatusPage :41 - Selecting option Yes from dropdown [[ChromeDriver: chrome on WINDOWS (0fe52e6af6f120281fd28fa49f374fc9)] -> xpath: //input[@id='response-0']]
2022-05-19 20:05:45 INFO  FamilyImmigrationStatusPage :34 - Clicking on nextStepButton [[ChromeDriver: chrome on WINDOWS (0fe52e6af6f120281fd28fa49f374fc9)] -> xpath: //button[contains(text(),'Continue')]]
2022-05-19 20:05:96 INFO  ResultPage :24 - Clicking on resultMessage [[ChromeDriver: chrome on WINDOWS (0fe52e6af6f120281fd28fa49f374fc9)] -> xpath: //div[@id='result-info']//div[2]/h2]
2022-05-19 20:05:961 INFO  ManageDriver :32 - Launching Chrome Browser
2022-05-19 20:05:434 INFO  StartPage :24 - Clicking on startNowButton [[ChromeDriver: chrome on WINDOWS (7fec87babcf30df7fbbc0d873d61e208)] -> xpath: //a[@class='gem-c-button govuk-button govuk-button--start']]
2022-05-19 20:05:577 INFO  SelectNationalityPage :28 - Selecting nationality Australia from dropdown [[ChromeDriver: chrome on WINDOWS (7fec87babcf30df7fbbc0d873d61e208)] -> xpath: //select[@id='response']]
2022-05-19 20:05:646 INFO  SelectNationalityPage :32 - Clicking on nextStepButton [[ChromeDriver: chrome on WINDOWS (7fec87babcf30df7fbbc0d873d61e208)] -> xpath: //button[contains(text(),'Continue')]]
2022-05-19 20:05:163 INFO  SelectNationalityPage :32 - Clicking on nextStepButton [[ChromeDriver: chrome on WINDOWS (7fec87babcf30df7fbbc0d873d61e208)] -> xpath: //button[contains(text(),'Continue')]]
2022-05-19 20:05:185 INFO  ResultPage :24 - Clicking on resultMessage [[ChromeDriver: chrome on WINDOWS (7fec87babcf30df7fbbc0d873d61e208)] -> xpath: //div[@id='result-info']//div[2]/h2]
2022-05-19 20:05:238 INFO  ManageDriver :32 - Launching Chrome Browser
2022-05-19 20:05:846 INFO  StartPage :24 - Clicking on startNowButton [[ChromeDriver: chrome on WINDOWS (d43cd960db08e194307d53987ff4d2dd)] -> xpath: //a[@class='gem-c-button govuk-button govuk-button--start']]
2022-05-19 20:05:920 INFO  SelectNationalityPage :28 - Selecting nationality Chile from dropdown [[ChromeDriver: chrome on WINDOWS (d43cd960db08e194307d53987ff4d2dd)] -> xpath: //select[@id='response']]
2022-05-19 20:05:155 INFO  SelectNationalityPage :32 - Clicking on nextStepButton [[ChromeDriver: chrome on WINDOWS (d43cd960db08e194307d53987ff4d2dd)] -> xpath: //button[contains(text(),'Continue')]]
2022-05-19 20:05:426 INFO  SelectNationalityPage :32 - Clicking on nextStepButton [[ChromeDriver: chrome on WINDOWS (d43cd960db08e194307d53987ff4d2dd)] -> xpath: //button[contains(text(),'Continue')]]
2022-05-19 20:05:531 INFO  DurationOfStayPage :44 - Selecting option longer than 6 months from dropdown [[ChromeDriver: chrome on WINDOWS (d43cd960db08e194307d53987ff4d2dd)] -> xpath: //input[@id='response-1']]
2022-05-19 20:05:989 INFO  DurationOfStayPage :33 - Clicking on nextStepButton [[ChromeDriver: chrome on WINDOWS (d43cd960db08e194307d53987ff4d2dd)] -> xpath: //button[contains(text(),'Continue')]]
2022-05-19 20:05:172 INFO  WorkTypePage :65 - Selecting job Health and care professional from dropdown [[ChromeDriver: chrome on WINDOWS (d43cd960db08e194307d53987ff4d2dd)] -> xpath: //input[@id='response-0']]
2022-05-19 20:05:774 INFO  WorkTypePage :57 - Clicking on nextStepButton [[ChromeDriver: chrome on WINDOWS (d43cd960db08e194307d53987ff4d2dd)] -> xpath: //button[contains(text(),'Continue')]]
2022-05-19 20:05:817 INFO  ResultPage :24 - Clicking on resultMessage [[ChromeDriver: chrome on WINDOWS (d43cd960db08e194307d53987ff4d2dd)] -> xpath: //div[@id='result-info']//div[2]/h2]
2022-05-19 20:05:908 INFO  ManageDriver :32 - Launching Chrome Browser
2022-05-19 20:05:416 INFO  StartPage :24 - Clicking on startNowButton [[ChromeDriver: chrome on WINDOWS (38e7f6bed7ddc25594890eaaf5ef7ec2)] -> xpath: //a[@class='gem-c-button govuk-button govuk-button--start']]
2022-05-19 20:05:579 INFO  SelectNationalityPage :28 - Selecting nationality Colombia from dropdown [[ChromeDriver: chrome on WINDOWS (38e7f6bed7ddc25594890eaaf5ef7ec2)] -> xpath: //select[@id='response']]
2022-05-19 20:05:227 INFO  SelectNationalityPage :32 - Clicking on nextStepButton [[ChromeDriver: chrome on WINDOWS (38e7f6bed7ddc25594890eaaf5ef7ec2)] -> xpath: //button[contains(text(),'Continue')]]
2022-05-19 20:05:587 INFO  SelectNationalityPage :32 - Clicking on nextStepButton [[ChromeDriver: chrome on WINDOWS (38e7f6bed7ddc25594890eaaf5ef7ec2)] -> xpath: //button[contains(text(),'Continue')]]
2022-05-19 20:05:709 INFO  FamilyImmigrationStatusPage :41 - Selecting option Yes from dropdown [[ChromeDriver: chrome on WINDOWS (38e7f6bed7ddc25594890eaaf5ef7ec2)] -> xpath: //input[@id='response-0']]
2022-05-19 20:05:676 INFO  FamilyImmigrationStatusPage :34 - Clicking on nextStepButton [[ChromeDriver: chrome on WINDOWS (38e7f6bed7ddc25594890eaaf5ef7ec2)] -> xpath: //button[contains(text(),'Continue')]]
2022-05-19 20:05:724 INFO  ResultPage :24 - Clicking on resultMessage [[ChromeDriver: chrome on WINDOWS (38e7f6bed7ddc25594890eaaf5ef7ec2)] -> xpath: //div[@id='result-info']//div[2]/h2]
